[{"stream_name":"stderr","time":9.708658544,"data":"/usr/local/lib/python3.12/dist-packages/nbformat/__init__.py:96: MissingIDFieldWarning: Cell is missing an id field, this will become a hard error in future nbformat versions. You may want to use `normalize()` on your notebooks before validations (available since nbformat 5.1.4). Previous versions of nbformat are fixing this issue transparently, and will stop doing so in the future.\n"}
,{"stream_name":"stderr","time":9.708698493,"data":"  validate(nb)\n"}
,{"stream_name":"stderr","time":11.06274229,"data":"0.00s - Debugger warning: It seems that frozen modules are being used, which may\n"}
,{"stream_name":"stderr","time":11.06276422,"data":"0.00s - make the debugger miss breakpoints. Please pass -Xfrozen_modules=off\n"}
,{"stream_name":"stderr","time":11.062769114,"data":"0.00s - to python to disable frozen modules.\n"}
,{"stream_name":"stderr","time":11.062773167,"data":"0.00s - Note: Debugging will proceed. Set PYDEVD_DISABLE_FILE_VALIDATION=1 to disable this validation.\n"}
,{"stream_name":"stderr","time":11.843765013,"data":"0.00s - Debugger warning: It seems that frozen modules are being used, which may\n"}
,{"stream_name":"stderr","time":11.843810262,"data":"0.00s - make the debugger miss breakpoints. Please pass -Xfrozen_modules=off\n"}
,{"stream_name":"stderr","time":11.843816402,"data":"0.00s - to python to disable frozen modules.\n"}
,{"stream_name":"stderr","time":11.84382149,"data":"0.00s - Note: Debugging will proceed. Set PYDEVD_DISABLE_FILE_VALIDATION=1 to disable this validation.\n"}
,{"stream_name":"stdout","time":13.290434014,"data":"Mon Jul 20 13:39:01 2026       \r\n"}
,{"stream_name":"stdout","time":13.290472964,"data":"+-----------------------------------------------------------------------------------------+\r\n"}
,{"stream_name":"stdout","time":13.290477815,"data":"| NVIDIA-SMI 580.159.04             Driver Version: 580.159.04     CUDA Version: 13.0     |\r\n"}
,{"stream_name":"stdout","time":13.290481643,"data":"+-----------------------------------------+------------------------+----------------------+\r\n"}
,{"stream_name":"stdout","time":13.290485522,"data":"| GPU  Name                 Persistence-M | Bus-Id          Disp.A | Volatile Uncorr. ECC |\r\n"}
,{"stream_name":"stdout","time":13.290489434,"data":"| Fan  Temp   Perf          Pwr:Usage/Cap |           Memory-Usage | GPU-Util  Compute M. |\r\n"}
,{"stream_name":"stdout","time":13.290493246,"data":"|                                         |                        |               MIG M. |\r\n"}
,{"stream_name":"stdout","time":13.290496878,"data":"|=========================================+========================+======================|\r\n"}
,{"stream_name":"stdout","time":13.392119221,"data":"|   0  Tesla T4                       Off |   00000000:00:04.0 Off |                    0 |\r\n"}
,{"stream_name":"stdout","time":13.392143488,"data":"| N/A   47C    P8              9W /   70W |       0MiB /  15360MiB |      0%      Default |\r\n"}
,{"stream_name":"stdout","time":13.392153031,"data":"|                                         |                        |                  N/A |\r\n"}
,{"stream_name":"stdout","time":13.392155777,"data":"+-----------------------------------------+------------------------+----------------------+\r\n"}
,{"stream_name":"stdout","time":13.392158444,"data":"|   1  Tesla T4                       Off |   00000000:00:05.0 Off |                    0 |\r\n"}
,{"stream_name":"stdout","time":13.392160802,"data":"| N/A   37C    P8              9W /   70W |       0MiB /  15360MiB |      0%      Default |\r\n"}
,{"stream_name":"stdout","time":13.392163183,"data":"|                                         |                        |                  N/A |\r\n"}
,{"stream_name":"stdout","time":13.392191647,"data":"+-----------------------------------------+------------------------+----------------------+\r\n"}
,{"stream_name":"stdout","time":13.392196854,"data":"\r\n"}
,{"stream_name":"stdout","time":13.392200679,"data":"+-----------------------------------------------------------------------------------------+\r\n"}
,{"stream_name":"stdout","time":13.392204279,"data":"| Processes:                                                                              |\r\n"}
,{"stream_name":"stdout","time":13.392207749,"data":"|  GPU   GI   CI              PID   Type   Process name                        GPU Memory |\r\n"}
,{"stream_name":"stdout","time":13.39221129,"data":"|        ID   ID                                                               Usage      |\r\n"}
,{"stream_name":"stdout","time":13.392214791,"data":"|=========================================================================================|\r\n"}
,{"stream_name":"stdout","time":13.392218217,"data":"|  No running processes found                                                             |\r\n"}
,{"stream_name":"stdout","time":13.392221662,"data":"+-----------------------------------------------------------------------------------------+\r\n"}
,{"stream_name":"stdout","time":33.410028657,"data":"   ━━━━━━━━━━━━━━━━━━━━━━━━━━━━━━━━━━━━━━━━ 389.2/389.2 kB 25.4 MB/s eta 0:00:00\r\n"}
,{"stream_name":"stdout","time":33.410060956,"data":"   ━━━━━━━━━━━━━━━━━━━━━━━━━━━━━━━━━━━━━━━━ 516.0/516.0 kB 32.2 MB/s eta 0:00:00\r\n"}
,{"stream_name":"stderr","time":33.569140307,"data":"Cloning into '/tmp/oncoreason'...\n"}
,{"stream_name":"stderr","time":33.771341986,"data":"Cloning into '/tmp/oncoreason'...\n"}
,{"stream_name":"stderr","time":33.771362554,"data":"\n"}
,{"stream_name":"stderr","time":33.771366632,"data":"Cloning into '/tmp/oncoreason'...\n"}
,{"stream_name":"stdout","time":34.978225339,"data":"/kaggle/input contains: ['datasets', 'notebooks']\n"}
,{"stream_name":"stdout","time":35.783856848,"data":"candidates: /kaggle/input/notebooks/ta1010/oncoreason-policy-sampling-hard/candidates.jsonl | 400 samples\n"}
,{"stream_name":"stdout","time":35.783894365,"data":"labelling modules: ['relabel_candidates.py', 'semantic_labels.py']\n"}
,{"stream_name":"stdout","time":44.789313438,"data":"85 structured records | 51 therapies\n"}
,{"stream_name":"stdout","time":44.78934987,"data":"  n_steps                  1236\n"}
,{"stream_name":"stdout","time":44.78935608,"data":"  structural_sound          555  (44.9%)\n"}
,{"stream_name":"stdout","time":44.789369258,"data":"  semantic_sound            223  (18.0%)\n"}
,{"stream_name":"stdout","time":44.789374065,"data":"  uncited                   108  (8.7%)\n"}
,{"stream_name":"stdout","time":44.789378535,"data":"  cited_other_case          571  (46.2%)\n"}
,{"stream_name":"stdout","time":44.789383597,"data":"  contradicted               93  (7.5%)\n"}
,{"stream_name":"stdout","time":44.789388098,"data":"  therapy_mismatch          142  (11.5%)\n"}
,{"stream_name":"stdout","time":44.7893925,"data":"  disease_mismatch          806  (65.2%)\n"}
,{"stream_name":"stdout","time":44.789413608,"data":"\n"}
,{"stream_name":"stdout","time":44.789418402,"data":"If cited_other_case is now a meaningful share, stage E worked: the policy\n"}
,{"stream_name":"stdout","time":44.789423644,"data":"now had other case ids available to misuse, which it did not in stage B.\n"}
,{"stream_name":"stdout","time":44.824260427,"data":"875 train / 361 test steps, 15 held-out cases\n"}
,{"stream_name":"stdout","time":49.696499214,"data":"tfidf      label_structural   0.690 [0.617, 0.773]\n"}
,{"stream_name":"stderr","time":70.55959746,"data":"Traceback (most recent call last):\n"}
,{"stream_name":"stderr","time":70.559631987,"data":"  File \"\u003cstring\u003e\", line 1, in \u003cmodule\u003e\n"}
,{"stream_name":"stderr","time":70.559639118,"data":"  File \"/usr/local/lib/python3.12/dist-packages/papermill/execute.py\", line 131, in execute_notebook\n"}
,{"stream_name":"stderr","time":70.559708054,"data":"    raise_for_execution_errors(nb, output_path)\n"}
,{"stream_name":"stderr","time":70.559741272,"data":"  File \"/usr/local/lib/python3.12/dist-packages/papermill/execute.py\", line 251, in raise_for_execution_errors\n"}
,{"stream_name":"stderr","time":70.559938809,"data":"    raise error\n"}
,{"stream_name":"stderr","time":70.560090698,"data":"papermill.exceptions.PapermillExecutionError: \n"}
,{"stream_name":"stderr","time":70.560102058,"data":"---------------------------------------------------------------------------\n"}
,{"stream_name":"stderr","time":70.56010769,"data":"Exception encountered at \"In [6]\":\n"}
,{"stream_name":"stderr","time":70.560112544,"data":"---------------------------------------------------------------------------\n"}
,{"stream_name":"stderr","time":70.560117285,"data":"NotImplementedError                       Traceback (most recent call last)\n"}
,{"stream_name":"stderr","time":70.560122031,"data":"/tmp/ipykernel_23/2257043194.py in \u003ccell line: 0\u003e()\n"}
,{"stream_name":"stderr","time":70.56012714,"data":"     16     cfg = PRMConfig(backend='modernbert', seed=SEED, epochs=3, batch_size=8,\n"}
,{"stream_name":"stderr","time":70.560132338,"data":"     17                     lr=2e-5, max_length=512)\n"}
,{"stream_name":"stderr","time":70.560137298,"data":"---\u003e 18     mb = PRM(cfg).fit(tr)\n"}
,{"stream_name":"stderr","time":70.560142463,"data":"     19     results[f'modernbert__{label_key}'] = evaluate(mb, te, 'label_sound')\n"}
,{"stream_name":"stderr","time":70.56014804,"data":"     20     print(f'modernbert {label_key:18} '\n"}
,{"stream_name":"stderr","time":70.560152762,"data":"\n"}
,{"stream_name":"stderr","time":70.560157274,"data":"/tmp/oncoreason/src/oncoreason/training/prm.py in fit(self, examples)\n"}
,{"stream_name":"stderr","time":70.560162028,"data":"    113     def fit(self, examples: list[dict]) -\u003e \"PRM\":\n"}
,{"stream_name":"stderr","time":70.56016735,"data":"    114         if self.cfg.backend == \"modernbert\":\n"}
,{"stream_name":"stderr","time":70.560172555,"data":"--\u003e 115             self._fit_modernbert(examples)\n"}
,{"stream_name":"stderr","time":70.560177279,"data":"    116             return self\n"}
,{"stream_name":"stderr","time":70.560181796,"data":"    117         from sklearn.feature_extraction.text import TfidfVectorizer\n"}
,{"stream_name":"stderr","time":70.56018638,"data":"\n"}
,{"stream_name":"stderr","time":70.560190821,"data":"/tmp/oncoreason/src/oncoreason/training/prm.py in _fit_modernbert(self, examples)\n"}
,{"stream_name":"stderr","time":70.560195521,"data":"    136                 f\"Use backend='tfidf' for the CPU path. Base model: {self.cfg.base_model}.\"\n"}
,{"stream_name":"stderr","time":70.560200274,"data":"    137             ) from exc\n"}
,{"stream_name":"stderr","time":70.5602053,"data":"--\u003e 138         raise NotImplementedError(\n"}
,{"stream_name":"stderr","time":70.560209872,"data":"    139             \"ModernBERT fine-tuning is wired for the Kaggle notebook (Phase 5.1); \"\n"}
,{"stream_name":"stderr","time":70.560214502,"data":"    140             \"the CPU baseline is backend='tfidf'.\"\n"}
,{"stream_name":"stderr","time":70.560228738,"data":"\n"}
,{"stream_name":"stderr","time":70.560232395,"data":"NotImplementedError: ModernBERT fine-tuning is wired for the Kaggle notebook (Phase 5.1); the CPU baseline is backend='tfidf'.\n"}
,{"stream_name":"stderr","time":70.560236199,"data":"\n"}
,{"stream_name":"stderr","time":72.74290141,"data":"/usr/local/lib/python3.12/dist-packages/mistune.py:435: SyntaxWarning: invalid escape sequence '\\|'\n"}
,{"stream_name":"stderr","time":72.742944615,"data":"  cells[i][c] = re.sub('\\\\\\\\\\|', '|', cell)\n"}
,{"stream_name":"stderr","time":72.929665482,"data":"/usr/local/lib/python3.12/dist-packages/nbconvert/filters/filter_links.py:36: SyntaxWarning: invalid escape sequence '\\_'\n"}
,{"stream_name":"stderr","time":72.929691495,"data":"  text = re.sub(r'_', '\\_', text) # Escape underscores in display text\n"}
,{"stream_name":"stderr","time":73.590031081,"data":"[NbConvertApp] Converting notebook __notebook__.ipynb to notebook\n"}
,{"stream_name":"stderr","time":73.891434512,"data":"[NbConvertApp] Writing 30581 bytes to __notebook__.ipynb\n"}
,{"stream_name":"stderr","time":76.244592012,"data":"[NbConvertApp] Converting notebook __notebook__.ipynb to html\n"}
,{"stream_name":"stderr","time":77.10397664,"data":"[NbConvertApp] Writing 345207 bytes to __results__.html\n"}
]